{
  "0 debug pnpm:scope": {
    "selected": 1
  },
  "1 error pnpm": {
    "shortMessage": "Command failed with exit code 1: /private/var/folders/31/zm3jwkw93j784tdrt1hpnk7r0000gn/T/dlx-39330/bin/degit LunarVim/Neovim-from-scratch .",
    "command": "/private/var/folders/31/zm3jwkw93j784tdrt1hpnk7r0000gn/T/dlx-39330/bin/degit LunarVim/Neovim-from-scratch .",
    "escapedCommand": "\"/private/var/folders/31/zm3jwkw93j784tdrt1hpnk7r0000gn/T/dlx-39330/bin/degit\" \"LunarVim/Neovim-from-scratch\" .",
    "exitCode": 1,
    "failed": true,
    "timedOut": false,
    "isCanceled": false,
    "killed": false,
    "err": {
      "name": "pnpm",
      "message": "Command failed with exit code 1: /private/var/folders/31/zm3jwkw93j784tdrt1hpnk7r0000gn/T/dlx-39330/bin/degit LunarVim/Neovim-from-scratch .",
      "stack": "pnpm: Command failed with exit code 1: /private/var/folders/31/zm3jwkw93j784tdrt1hpnk7r0000gn/T/dlx-39330/bin/degit LunarVim/Neovim-from-scratch .\n    at makeError (/Users/benvds/.asdf/installs/nodejs/16.13.0/.npm/pnpm-global/5/node_modules/.pnpm/pnpm@6.32.3/node_modules/pnpm/dist/pnpm.cjs:42502:17)\n    at handlePromise (/Users/benvds/.asdf/installs/nodejs/16.13.0/.npm/pnpm-global/5/node_modules/.pnpm/pnpm@6.32.3/node_modules/pnpm/dist/pnpm.cjs:43073:33)\n    at processTicksAndRejections (node:internal/process/task_queues:96:5)\n    at async Object.handler [as dlx] (/Users/benvds/.asdf/installs/nodejs/16.13.0/.npm/pnpm-global/5/node_modules/.pnpm/pnpm@6.32.3/node_modules/pnpm/dist/pnpm.cjs:177506:7)\n    at async /Users/benvds/.asdf/installs/nodejs/16.13.0/.npm/pnpm-global/5/node_modules/.pnpm/pnpm@6.32.3/node_modules/pnpm/dist/pnpm.cjs:182194:21\n    at async run (/Users/benvds/.asdf/installs/nodejs/16.13.0/.npm/pnpm-global/5/node_modules/.pnpm/pnpm@6.32.3/node_modules/pnpm/dist/pnpm.cjs:182168:34)\n    at async runPnpm (/Users/benvds/.asdf/installs/nodejs/16.13.0/.npm/pnpm-global/5/node_modules/.pnpm/pnpm@6.32.3/node_modules/pnpm/dist/pnpm.cjs:182387:5)\n    at async /Users/benvds/.asdf/installs/nodejs/16.13.0/.npm/pnpm-global/5/node_modules/.pnpm/pnpm@6.32.3/node_modules/pnpm/dist/pnpm.cjs:182379:7"
    }
  }
}